15:4: not a valid test operator:  
15:4: not a valid test operator: 12.4
21:4: not a valid test operator: (
21:4: not a valid test operator: 550.90.07
Traceback (most recent call last):
  File "/mnt/petrelfs/zhangsiyu/miniconda3/envs/cogvideox/lib/python3.10/site-packages/huggingface_hub/utils/_http.py", line 402, in hf_raise_for_status
    response.raise_for_status()
  File "/mnt/petrelfs/zhangsiyu/miniconda3/envs/cogvideox/lib/python3.10/site-packages/requests/models.py", line 1026, in raise_for_status
    raise HTTPError(http_error_msg, response=self)
requests.exceptions.HTTPError: 401 Client Error: Unauthorized for url: https://huggingface.co/api/models/zai-org/CogVideoX1.5-5B/revision/main

The above exception was the direct cause of the following exception:

Traceback (most recent call last):
  File "/mnt/petrelfs/zhangsiyu/miniconda3/envs/cogvideox/bin/hf", line 7, in <module>
    sys.exit(main())
  File "/mnt/petrelfs/zhangsiyu/miniconda3/envs/cogvideox/lib/python3.10/site-packages/huggingface_hub/cli/hf.py", line 59, in main
    service.run()
  File "/mnt/petrelfs/zhangsiyu/miniconda3/envs/cogvideox/lib/python3.10/site-packages/huggingface_hub/cli/download.py", line 136, in run
    print(self._download())  # Print path to downloaded files
  File "/mnt/petrelfs/zhangsiyu/miniconda3/envs/cogvideox/lib/python3.10/site-packages/huggingface_hub/cli/download.py", line 169, in _download
    return snapshot_download(
  File "/mnt/petrelfs/zhangsiyu/miniconda3/envs/cogvideox/lib/python3.10/site-packages/huggingface_hub/utils/_validators.py", line 114, in _inner_fn
    return fn(*args, **kwargs)
  File "/mnt/petrelfs/zhangsiyu/miniconda3/envs/cogvideox/lib/python3.10/site-packages/huggingface_hub/_snapshot_download.py", line 245, in snapshot_download
    raise api_call_error
  File "/mnt/petrelfs/zhangsiyu/miniconda3/envs/cogvideox/lib/python3.10/site-packages/huggingface_hub/_snapshot_download.py", line 165, in snapshot_download
    repo_info = api.repo_info(repo_id=repo_id, repo_type=repo_type, revision=revision)
  File "/mnt/petrelfs/zhangsiyu/miniconda3/envs/cogvideox/lib/python3.10/site-packages/huggingface_hub/utils/_validators.py", line 114, in _inner_fn
    return fn(*args, **kwargs)
  File "/mnt/petrelfs/zhangsiyu/miniconda3/envs/cogvideox/lib/python3.10/site-packages/huggingface_hub/hf_api.py", line 2867, in repo_info
    return method(
  File "/mnt/petrelfs/zhangsiyu/miniconda3/envs/cogvideox/lib/python3.10/site-packages/huggingface_hub/utils/_validators.py", line 114, in _inner_fn
    return fn(*args, **kwargs)
  File "/mnt/petrelfs/zhangsiyu/miniconda3/envs/cogvideox/lib/python3.10/site-packages/huggingface_hub/hf_api.py", line 2661, in model_info
    hf_raise_for_status(r)
  File "/mnt/petrelfs/zhangsiyu/miniconda3/envs/cogvideox/lib/python3.10/site-packages/huggingface_hub/utils/_http.py", line 452, in hf_raise_for_status
    raise _format(RepositoryNotFoundError, message, response) from e
huggingface_hub.errors.RepositoryNotFoundError: 401 Client Error. (Request ID: Root=1-696a4719-4a6b6bc20e8294a6538188f3;e5eb5cfa-6879-4f44-a1fd-c60776988cd5)

Repository Not Found for url: https://huggingface.co/api/models/zai-org/CogVideoX1.5-5B/revision/main.
Please make sure you specified the correct `repo_id` and `repo_type`.
If you are trying to access a private or gated repo, make sure you are authenticated. For more details, see https://huggingface.co/docs/huggingface_hub/authentication
User Access Token "sy" is expired
srun: error: HOST-10-140-60-15: task 0: Exited with exit code 1
