15:4: not a valid test operator:  
15:4: not a valid test operator: 12.4
21:4: not a valid test operator: (
21:4: not a valid test operator: 550.90.07
Traceback (most recent call last):
  File "/mnt/petrelfs/zhangsiyu/miniconda3/envs/cogvideox/bin/accelerate", line 7, in <module>
    sys.exit(main())
  File "/mnt/petrelfs/zhangsiyu/miniconda3/envs/cogvideox/lib/python3.10/site-packages/accelerate/commands/accelerate_cli.py", line 50, in main
    args.func(args)
  File "/mnt/petrelfs/zhangsiyu/miniconda3/envs/cogvideox/lib/python3.10/site-packages/accelerate/commands/launch.py", line 1266, in launch_command
    deepspeed_launcher(args)
  File "/mnt/petrelfs/zhangsiyu/miniconda3/envs/cogvideox/lib/python3.10/site-packages/accelerate/commands/launch.py", line 945, in deepspeed_launcher
    args = _filter_args(
  File "/mnt/petrelfs/zhangsiyu/miniconda3/envs/cogvideox/lib/python3.10/site-packages/accelerate/utils/launch.py", line 51, in _filter_args
    new_args, _ = parser.parse_known_args(default_args)
  File "/mnt/petrelfs/zhangsiyu/miniconda3/envs/cogvideox/lib/python3.10/argparse.py", line 1866, in parse_known_args
    namespace, args = self._parse_known_args(args, namespace)
  File "/mnt/petrelfs/zhangsiyu/miniconda3/envs/cogvideox/lib/python3.10/argparse.py", line 1910, in _parse_known_args
    option_tuple = self._parse_optional(arg_string)
  File "/mnt/petrelfs/zhangsiyu/miniconda3/envs/cogvideox/lib/python3.10/argparse.py", line 2205, in _parse_optional
    if arg_string in self._option_string_actions:
TypeError: unhashable type: 'list'
srun: error: HOST-10-140-60-127: task 0: Exited with exit code 1
